[2019-08-22 18:48:17.313] [exthost] [info] extension host started
[2019-08-22 18:48:18.037] [exthost] [info] ExtensionService#_doActivateExtension vscode.debug-auto-launch {"startup":true,"activationEvent":"*"}
[2019-08-22 18:48:18.038] [exthost] [info] ExtensionService#loadCommonJSModule /snap/code/13/usr/share/code/resources/app/extensions/debug-auto-launch/dist/extension
[2019-08-22 18:48:18.077] [exthost] [info] ExtensionService#_doActivateExtension vscode.emmet {"startup":true,"activationEvent":"*"}
[2019-08-22 18:48:18.089] [exthost] [info] ExtensionService#loadCommonJSModule /snap/code/13/usr/share/code/resources/app/extensions/emmet/dist/extension
[2019-08-22 18:48:18.229] [exthost] [info] ExtensionService#_doActivateExtension vscode.git {"startup":true,"activationEvent":"*"}
[2019-08-22 18:48:18.229] [exthost] [info] ExtensionService#loadCommonJSModule /snap/code/13/usr/share/code/resources/app/extensions/git/dist/main
[2019-08-22 18:48:18.722] [exthost] [info] ExtensionService#_doActivateExtension vscode.merge-conflict {"startup":true,"activationEvent":"*"}
[2019-08-22 18:48:18.722] [exthost] [info] ExtensionService#loadCommonJSModule /snap/code/13/usr/share/code/resources/app/extensions/merge-conflict/dist/extension
[2019-08-22 18:48:18.750] [exthost] [info] ExtensionService#_doActivateExtension EditorConfig.EditorConfig {"startup":true,"activationEvent":"*"}
[2019-08-22 18:48:18.750] [exthost] [info] ExtensionService#loadCommonJSModule /home/shah/.vscode/extensions/editorconfig.editorconfig-0.13.0/out/src/editorConfigMain
[2019-08-22 18:48:18.984] [exthost] [info] ExtensionService#_doActivateExtension humy2833.ftp-simple {"startup":true,"activationEvent":"*"}
[2019-08-22 18:48:18.984] [exthost] [info] ExtensionService#loadCommonJSModule /home/shah/.vscode/extensions/humy2833.ftp-simple-0.7.0/extension
[2019-08-22 18:48:21.266] [exthost] [info] ExtensionService#_doActivateExtension ms-vsliveshare.vsliveshare {"startup":true,"activationEvent":"*"}
[2019-08-22 18:48:21.266] [exthost] [info] ExtensionService#loadCommonJSModule /home/shah/.vscode/extensions/ms-vsliveshare.vsliveshare-1.0.721/out/prod/extension-prod
[2019-08-22 18:49:41.108] [exthost] [info] ExtensionService#_doActivateExtension wangtao0101.vscode-js-import {"startup":true,"activationEvent":"*"}
[2019-08-22 18:49:41.108] [exthost] [info] ExtensionService#loadCommonJSModule /home/shah/.vscode/extensions/wangtao0101.vscode-js-import-0.15.5/out/src/extension
[2019-08-22 18:49:41.522] [exthost] [info] ExtensionService#_doActivateExtension vscode.npm {"startup":true,"activationEvent":"workspaceContains:package.json"}
[2019-08-22 18:49:41.522] [exthost] [info] ExtensionService#loadCommonJSModule /snap/code/13/usr/share/code/resources/app/extensions/npm/dist/main
[2019-08-22 18:49:45.442] [exthost] [info] ExtensionService#_doActivateExtension felixfbecker.php-intellisense {"startup":true,"activationEvent":"workspaceContains:**/*.php"}
[2019-08-22 18:49:45.442] [exthost] [info] ExtensionService#loadCommonJSModule /home/shah/.vscode/extensions/felixfbecker.php-intellisense-2.3.10/out/extension
[2019-08-22 18:49:45.576] [exthost] [info] ExtensionService#_doActivateExtension ryannaddy.laravel-artisan {"startup":true,"activationEvent":"workspaceContains:**/artisan"}
[2019-08-22 18:49:45.576] [exthost] [info] ExtensionService#loadCommonJSModule /home/shah/.vscode/extensions/ryannaddy.laravel-artisan-0.0.25/out/src/extension
[2019-08-22 18:49:47.336] [exthost] [info] eager extensions activated
